f:\0_ai\books\rust實戰\src\ch15\c_call_rust_test\consoleapplication1\consolea.8faa8065\x64\debug\consoleapplication1.pch
f:\0_ai\books\rust實戰\src\ch15\c_call_rust_test\consoleapplication1\consolea.8faa8065\x64\debug\vc143.pdb
f:\0_ai\books\rust實戰\src\ch15\c_call_rust_test\consoleapplication1\consolea.8faa8065\x64\debug\pch.obj
f:\0_ai\books\rust實戰\src\ch15\c_call_rust_test\consoleapplication1\consolea.8faa8065\x64\debug\consoleapplication1.obj
f:\0_ai\books\rust實戰\src\ch15\c_call_rust_test\consoleapplication1\consolea.8faa8065\x64\debug\assemblyinfo.obj
f:\0_ai\books\rust實戰\src\ch15\c_call_rust_test\consoleapplication1\consolea.8faa8065\x64\debug\.netframework,version=v4.8.assemblyattributes.obj
f:\0_ai\books\rust實戰\src\ch15\c_call_rust_test\consoleapplication1\x64\debug\consoleapplication1.exe
f:\0_ai\books\rust實戰\src\ch15\c_call_rust_test\consoleapplication1\x64\debug\consoleapplication1.pdb
f:\0_ai\books\rust實戰\src\ch15\c_call_rust_test\consoleapplication1\consolea.8faa8065\x64\debug\app.res
f:\0_ai\books\rust實戰\src\ch15\c_call_rust_test\consoleapplication1\consolea.8faa8065\x64\debug\consoleapplication1.vcxproj.assemblyreference.cache
f:\0_ai\books\rust實戰\src\ch15\c_call_rust_test\consoleapplication1\consolea.8faa8065\x64\debug\consolea.8faa8065.tlog\cl.command.1.tlog
f:\0_ai\books\rust實戰\src\ch15\c_call_rust_test\consoleapplication1\consolea.8faa8065\x64\debug\consolea.8faa8065.tlog\cl.read.1.tlog
f:\0_ai\books\rust實戰\src\ch15\c_call_rust_test\consoleapplication1\consolea.8faa8065\x64\debug\consolea.8faa8065.tlog\cl.write.1.tlog
f:\0_ai\books\rust實戰\src\ch15\c_call_rust_test\consoleapplication1\consolea.8faa8065\x64\debug\consolea.8faa8065.tlog\link.command.1.tlog
f:\0_ai\books\rust實戰\src\ch15\c_call_rust_test\consoleapplication1\consolea.8faa8065\x64\debug\consolea.8faa8065.tlog\link.read.1.tlog
f:\0_ai\books\rust實戰\src\ch15\c_call_rust_test\consoleapplication1\consolea.8faa8065\x64\debug\consolea.8faa8065.tlog\link.secondary.1.tlog
f:\0_ai\books\rust實戰\src\ch15\c_call_rust_test\consoleapplication1\consolea.8faa8065\x64\debug\consolea.8faa8065.tlog\link.write.1.tlog
f:\0_ai\books\rust實戰\src\ch15\c_call_rust_test\consoleapplication1\consolea.8faa8065\x64\debug\consolea.8faa8065.tlog\metagen.read.1.tlog
f:\0_ai\books\rust實戰\src\ch15\c_call_rust_test\consoleapplication1\consolea.8faa8065\x64\debug\consolea.8faa8065.tlog\metagen.write.1.tlog
f:\0_ai\books\rust實戰\src\ch15\c_call_rust_test\consoleapplication1\consolea.8faa8065\x64\debug\consolea.8faa8065.tlog\rc.command.1.tlog
f:\0_ai\books\rust實戰\src\ch15\c_call_rust_test\consoleapplication1\consolea.8faa8065\x64\debug\consolea.8faa8065.tlog\rc.read.1.tlog
f:\0_ai\books\rust實戰\src\ch15\c_call_rust_test\consoleapplication1\consolea.8faa8065\x64\debug\consolea.8faa8065.tlog\rc.write.1.tlog
