2024-08-04 15:59:40.605 | ERROR    | __main__:main:62 - An error occurred: [Errno 2] No such file or directory: 'models/best.pt'
Traceback (most recent call last):

  File "/home/shihyu/github/jason_note/src/ml/data/yolov8/test.py", line 66, in <module>
    main()
    └ <function main at 0x7aa264dd9b20>

> File "/home/shihyu/github/jason_note/src/ml/data/yolov8/test.py", line 58, in main
    detect_single_image(model_path, image_path)
    │                   │           └ './dataset/test/images/12_jpg.rf.21556877459eb00db94f49693a0c3e1a.jpg'
    │                   └ './models/best.pt'
    └ <function detect_single_image at 0x7aa36e0a13a0>

  File "/home/shihyu/github/jason_note/src/ml/data/yolov8/test.py", line 13, in detect_single_image
    model = YOLO(model_path)
            │    └ './models/best.pt'
            └ <class 'ultralytics.yolo.engine.model.YOLO'>

  File "/home/shihyu/miniconda3/lib/python3.11/site-packages/ultralytics/yolo/engine/model.py", line 99, in __init__
    self._load(model)
    │    │     └ './models/best.pt'
    │    └ <function YOLO._load at 0x7aa264dd89a0>
    └ <ultralytics.yolo.engine.model.YOLO object at 0x7aa26230f890>
  File "/home/shihyu/miniconda3/lib/python3.11/site-packages/ultralytics/yolo/engine/model.py", line 128, in _load
    self.model, self.ckpt = attempt_load_one_weight(weights)
    │    │      │    │      │                       └ './models/best.pt'
    │    │      │    │      └ <function attempt_load_one_weight at 0x7aa264d685e0>
    │    │      │    └ None
    │    │      └ <ultralytics.yolo.engine.model.YOLO object at 0x7aa26230f890>
    │    └ None
    └ <ultralytics.yolo.engine.model.YOLO object at 0x7aa26230f890>
  File "/home/shihyu/miniconda3/lib/python3.11/site-packages/ultralytics/nn/tasks.py", line 394, in attempt_load_one_weight
    ckpt, weight = torch_safe_load(weight)  # load ckpt
                   │               └ './models/best.pt'
                   └ <function torch_safe_load at 0x7aa264d3fba0>
  File "/home/shihyu/miniconda3/lib/python3.11/site-packages/ultralytics/nn/tasks.py", line 340, in torch_safe_load
    return torch.load(file, map_location='cpu'), file  # load
           │     │    │                          └ 'models/best.pt'
           │     │    └ 'models/best.pt'
           │     └ <function load at 0x7aa315c10040>
           └ <module 'torch' from '/home/shihyu/miniconda3/lib/python3.11/site-packages/torch/__init__.py'>
  File "/home/shihyu/miniconda3/lib/python3.11/site-packages/torch/serialization.py", line 997, in load
    with _open_file_like(f, 'rb') as opened_file:
         │               └ 'models/best.pt'
         └ <function _open_file_like at 0x7aa315c0b240>
  File "/home/shihyu/miniconda3/lib/python3.11/site-packages/torch/serialization.py", line 444, in _open_file_like
    return _open_file(name_or_buffer, mode)
           │          │               └ 'rb'
           │          └ 'models/best.pt'
           └ <class 'torch.serialization._open_file'>
  File "/home/shihyu/miniconda3/lib/python3.11/site-packages/torch/serialization.py", line 425, in __init__
    super().__init__(open(name, mode))
                          │     └ 'rb'
                          └ 'models/best.pt'

FileNotFoundError: [Errno 2] No such file or directory: 'models/best.pt'
2024-08-04 16:03:20.335 | INFO     | __main__:detect_single_image:14 - Model loaded from: ./models/best.pt
2024-08-04 16:03:21.661 | INFO     | __main__:detect_single_image:21 - Detected 1 objects in 12_jpg.rf.21556877459eb00db94f49693a0c3e1a.jpg
2024-08-04 16:03:21.662 | INFO     | __main__:detect_single_image:29 -   face: 0.90 at [57, 3, 320, 394]
2024-08-04 16:03:21.664 | INFO     | __main__:detect_single_image:39 - Result saved to result_12_jpg.rf.21556877459eb00db94f49693a0c3e1a.jpg
